✅ Copied: context/TreeContext.jsx
✅ Copied: styles/Dashboard.css
✅ Copied: styles/main.css
✅ Copied: styles/MapView.css
✅ Copied: components/ui/Loader.jsx
✅ Copied: components/ui/ErrorBox.jsx
✅ Copied: components/DiffViewer.jsx
✅ Copied: components/UploadPanel.jsx
✅ Copied: components/list_files_to_txt.py
✅ Copied: components/PeopleViewer.jsx
✅ Copied: components/TreeViewer.jsx
✅ Copied: components/MigrationMap.jsx
✅ Copied: components/SearchPanel.jsx
✅ Copied: components/MapView.jsx
✅ Copied: components/Timeline.jsx
✅ Copied: components/TreeSelector.jsx
✅ Copied: components/UploadStatusOverlay.jsx
✅ Copied: components/Dashboard.jsx
✅ Copied: components/UploadStatusContext.jsx
✅ Copied: components/EventPanel.jsx
✅ Copied: components/SchemaViewer.jsx
✅ Copied: App.jsx
✅ Copied: index.jsx
✅ Copied: services/api.js
