✅ Startup at Thu Apr 17 02:04:46 EDT 2025
✅ Startup at Thu Apr 17 12:58:10 EDT 2025
✅ Startup at Fri Apr 18 01:36:53 EDT 2025
✅ Startup at Fri Apr 18 11:45:35 EDT 2025
✅ Startup at Fri Apr 18 12:22:20 EDT 2025
✅ Startup at Fri Apr 18 16:27:58 EDT 2025
✅ Startup at Fri Apr 18 16:31:02 EDT 2025
✅ Startup at Fri Apr 18 16:43:23 EDT 2025
✅ Startup at Fri Apr 18 20:23:03 EDT 2025
✅ Startup at Fri Apr 18 20:24:22 EDT 2025
✅ Startup at Fri Apr 18 20:28:23 EDT 2025
✅ Startup at Fri Apr 18 20:30:25 EDT 2025
✅ Startup at Fri Apr 18 20:32:10 EDT 2025
✅ Startup at Fri Apr 18 20:51:39 EDT 2025
✅ Startup at Fri Apr 18 21:01:01 EDT 2025
✅ Startup at Sat Apr 19 00:27:56 EDT 2025
✅ Startup at Sat Apr 19 00:31:46 EDT 2025
✅ Startup at Sat Apr 19 00:50:58 EDT 2025
✅ Startup at Sat Apr 19 13:34:05 EDT 2025
✅ Startup at Sun Apr 20 04:48:48 EDT 2025
✅ Startup at Sun Apr 20 14:39:16 EDT 2025
✅ Startup at Sun Apr 20 17:25:33 EDT 2025
✅ Startup at Tue Apr 22 10:55:41 EDT 2025
✅ Startup at Tue Apr 22 22:24:23 EDT 2025
✅ Startup at Wed Apr 23 02:12:15 EDT 2025
✅ Startup at Wed Apr 23 13:00:53 EDT 2025
✅ Startup at Wed Apr 23 14:18:26 EDT 2025
✅ Startup at Wed Apr 23 14:35:51 EDT 2025
✅ Startup at Wed Apr 23 16:21:42 EDT 2025
✅ Startup at Wed Apr 23 18:47:40 EDT 2025
✅ Startup at Thu Apr 24 14:06:50 EDT 2025
✅ Startup at Fri Apr 25 17:25:00 EDT 2025
✅ Startup at Fri Apr 25 17:40:39 EDT 2025
✅ Startup at Sat Apr 26 22:57:41 EDT 2025
✅ Startup at Sat Apr 26 23:47:31 EDT 2025
✅ Startup at Sun Apr 27 01:06:06 EDT 2025
✅ Startup at Sun Apr 27 04:56:12 EDT 2025
✅ Startup at Sun Apr 27 05:22:03 EDT 2025
✅ Startup at Sun Apr 27 05:55:45 EDT 2025
✅ Startup at Sun Apr 27 06:03:07 EDT 2025
✅ Startup at Sun Apr 27 23:04:11 EDT 2025
✅ Startup at Mon Apr 28 17:26:28 EDT 2025
✅ Startup at Thu May  1 23:55:54 EDT 2025
✅ Startup at Sun May  4 12:07:21 EDT 2025
✅ Startup at Mon May  5 00:36:53 EDT 2025
✅ Startup at Mon May  5 01:18:41 EDT 2025
✅ Startup at Mon May  5 11:58:56 EDT 2025
✅ Startup at Tue May  6 13:32:01 EDT 2025
✅ Startup at Tue May  6 13:33:02 EDT 2025
✅ Startup at Tue May  6 14:42:04 EDT 2025
✅ Startup at Thu May  8 00:11:43 EDT 2025
✅ Startup at Thu May  8 01:07:36 EDT 2025
✅ Startup at Thu May  8 21:20:56 EDT 2025
✅ Startup at Fri May  9 21:00:02 EDT 2025
✅ Startup at Fri May  9 21:24:11 EDT 2025
✅ Startup at Fri May  9 22:51:38 EDT 2025
✅ Startup at Sat May 10 11:54:04 EDT 2025
✅ Startup at Mon May 12 01:23:08 EDT 2025
✅ Startup at Mon May 12 14:48:32 EDT 2025
✅ Startup at Wed May 14 20:07:03 EDT 2025
✅ Startup at Thu May 15 13:41:44 EDT 2025
✅ Startup at Fri May 16 13:28:22 EDT 2025
✅ Startup at Fri May 16 13:46:53 EDT 2025
✅ Startup at Fri May 16 19:33:24 EDT 2025
✅ Startup at Fri May 16 19:33:55 EDT 2025
✅ Startup at Thu May 22 10:47:15 EDT 2025
✅ Startup at Thu May 22 14:26:00 EDT 2025
✅ Startup at Thu May 22 15:03:42 EDT 2025
